<?xml version="1.0" encoding="UTF-8"?>
<testng-results ignored="0" total="3" passed="3" failed="0" skipped="0">
  <reporter-output>
  </reporter-output>
  <suite started-at="2023-03-22T10:35:23 IST" name="Suite" finished-at="2023-03-22T10:36:41 IST" duration-ms="77994">
    <groups>
    </groups>
    <test started-at="2023-03-22T10:35:23 IST" name="Test" finished-at="2023-03-22T10:36:41 IST" duration-ms="77994">
      <class name="Com.NewTours.TestCases.FlightsPageTest">
        <test-method is-config="true" signature="setUp()[pri:0, instance:Com.NewTours.TestCases.FlightsPageTest@470734c3]" started-at="2023-03-22T10:36:10 IST" name="setUp" finished-at="2023-03-22T10:36:20 IST" duration-ms="10351" status="PASS">
          <reporter-output>
          </reporter-output>
        </test-method> <!-- setUp -->
        <test-method signature="verifyHomePageTest()[pri:0, instance:Com.NewTours.TestCases.FlightsPageTest@470734c3]" started-at="2023-03-22T10:36:20 IST" name="verifyHomePageTest" finished-at="2023-03-22T10:36:41 IST" duration-ms="20312" status="PASS">
          <reporter-output>
          </reporter-output>
        </test-method> <!-- verifyHomePageTest -->
        <test-method is-config="true" signature="dearDown()[pri:0, instance:Com.NewTours.TestCases.FlightsPageTest@470734c3]" started-at="2023-03-22T10:36:41 IST" name="dearDown" finished-at="2023-03-22T10:36:41 IST" duration-ms="493" status="PASS">
          <reporter-output>
          </reporter-output>
        </test-method> <!-- dearDown -->
      </class> <!-- Com.NewTours.TestCases.FlightsPageTest -->
      <class name="Com.NewTours.TestCases.HomePageTest">
        <test-method is-config="true" signature="setUp()[pri:0, instance:Com.NewTours.TestCases.HomePageTest@8f2ef19]" started-at="2023-03-22T10:35:51 IST" name="setUp" finished-at="2023-03-22T10:36:01 IST" duration-ms="9613" status="PASS">
          <reporter-output>
          </reporter-output>
        </test-method> <!-- setUp -->
        <test-method signature="verifyHomePageTest()[pri:0, instance:Com.NewTours.TestCases.HomePageTest@8f2ef19]" started-at="2023-03-22T10:36:01 IST" name="verifyHomePageTest" finished-at="2023-03-22T10:36:09 IST" duration-ms="8614" status="PASS">
          <reporter-output>
          </reporter-output>
        </test-method> <!-- verifyHomePageTest -->
        <test-method is-config="true" signature="dearDown()[pri:0, instance:Com.NewTours.TestCases.HomePageTest@8f2ef19]" started-at="2023-03-22T10:36:10 IST" name="dearDown" finished-at="2023-03-22T10:36:10 IST" duration-ms="455" status="PASS">
          <reporter-output>
          </reporter-output>
        </test-method> <!-- dearDown -->
      </class> <!-- Com.NewTours.TestCases.HomePageTest -->
      <class name="Com.NewTours.TestCases.RegisterPageTest">
        <test-method is-config="true" signature="setUp()[pri:0, instance:Com.NewTours.TestCases.RegisterPageTest@537f60bf]" started-at="2023-03-22T10:35:23 IST" name="setUp" finished-at="2023-03-22T10:35:36 IST" duration-ms="12984" status="PASS">
          <reporter-output>
          </reporter-output>
        </test-method> <!-- setUp -->
        <test-method signature="verifyHomePageTest()[pri:0, instance:Com.NewTours.TestCases.RegisterPageTest@537f60bf]" started-at="2023-03-22T10:35:36 IST" name="verifyHomePageTest" finished-at="2023-03-22T10:35:51 IST" duration-ms="14662" status="PASS">
          <reporter-output>
          </reporter-output>
        </test-method> <!-- verifyHomePageTest -->
        <test-method is-config="true" signature="dearDown()[pri:0, instance:Com.NewTours.TestCases.RegisterPageTest@537f60bf]" started-at="2023-03-22T10:35:51 IST" name="dearDown" finished-at="2023-03-22T10:35:51 IST" duration-ms="451" status="PASS">
          <reporter-output>
          </reporter-output>
        </test-method> <!-- dearDown -->
      </class> <!-- Com.NewTours.TestCases.RegisterPageTest -->
    </test> <!-- Test -->
  </suite> <!-- Suite -->
</testng-results>
