<?xml version="1.0" encoding="UTF-8"?>
<!-- Generated by org.testng.reporters.JUnitXMLReporter -->
<testsuite ignored="0" hostname="BDC6-L-1BXWD63" failures="0" tests="3" name="Test" time="77.994" errors="0" timestamp="2023-03-22T10:36:41 IST">
  <testcase classname="Com.NewTours.TestCases.RegisterPageTest" name="verifyHomePageTest" time="14.662"/>
  <testcase classname="Com.NewTours.TestCases.HomePageTest" name="verifyHomePageTest" time="8.614"/>
  <testcase classname="Com.NewTours.TestCases.FlightsPageTest" name="verifyHomePageTest" time="20.312"/>
</testsuite> <!-- Test -->
